# 10th April 2019 
# scp transfer files from zeus to isca

[sl693@zeus-master01 1_C11]$ scp sl693@zeus.ex.ac.uk:/bioseqfs/PacBio/Sequel/2801/r54082_20190403_131312/1_C11/m54082_190403_135102.subreads.bam.pbi sl693@login.isca.ex.ac.uk:/gpfs/ts0/scratch/sl693/S23
sl693@login.isca.ex.ac.uk's password:
m54082_190403_135102.subreads.bam.pbi                                                100%  187MB  37.5MB/s   00:05
Connection to zeus.ex.ac.uk closed.
[sl693@zeus-master01 1_C11]$ ls -ls
total 208353108
        4 -rw-r--r-- 1 smrtanalysis smrtanalysis           60 Apr  4 22:38 m54082_190403_135102.adapters.fasta
     1008 -rw-r--r-- 1 smrtanalysis smrtanalysis      1028728 Apr  4 22:38 m54082_190403_135102.baz2bam_1.log
152311272 -rw-r--r-- 1 smrtanalysis smrtanalysis 155966737479 Apr  4 22:38 m54082_190403_135102.scraps.bam
   224376 -rw-r--r-- 1 smrtanalysis smrtanalysis    229757360 Apr  4 22:38 m54082_190403_135102.scraps.bam.pbi
      128 -rw-r--r-- 1 smrtanalysis smrtanalysis       128178 Apr  4 22:38 m54082_190403_135102.sts.xml
 55624316 -rw-r--r-- 1 smrtanalysis smrtanalysis  56959294676 Apr  4 22:16 m54082_190403_135102.subreads.bam
   191860 -rw-r--r-- 1 smrtanalysis smrtanalysis    196462004 Apr  4 22:16 m54082_190403_135102.subreads.bam.pbi
       20 -rw-r--r-- 1 smrtanalysis smrtanalysis        16857 Apr  4 22:07 m54082_190403_135102.subreadset.xml
        4 -rw-r--r-- 1 smrtanalysis smrtanalysis          535 Apr  4 22:38 m54082_190403_135102.transferdone
      120 -rw-r--r-- 1 smrtanalysis smrtanalysis       119013 Apr  3 14:14 tmp-file-7cfc1cfd-7458-4852-9ff0-023566e1c4a5.txt
[sl693@zeus-master01 1_C11]$ scp sl693@zeus.ex.ac.uk:/bioseqfs/PacBio/Sequel/2801/r54082_20190403_131312/1_C11/m54082_190403_135102.subreadset.xml sl693@login.isca.ex.ac.uk:/gpfs/ts0/scratch/sl693/S23
sl693@login.isca.ex.ac.uk's password:
m54082_190403_135102.subreadset.xml                                                  100%   16KB  16.5KB/s   00:00
Connection to zeus.ex.ac.uk closed.
[sl693@zeus-master01 1_C11]$ pwd
/bioseqfs/PacBio/Sequel/2801/r54082_20190403_131312/1_C11
[sl693@zeus-master01 1_C11]$ ls
m54082_190403_135102.adapters.fasta  m54082_190403_135102.subreads.bam
m54082_190403_135102.baz2bam_1.log   m54082_190403_135102.subreads.bam.pbi
m54082_190403_135102.scraps.bam      m54082_190403_135102.subreadset.xml
m54082_190403_135102.scraps.bam.pbi  m54082_190403_135102.transferdone
m54082_190403_135102.sts.xml         tmp-file-7cfc1cfd-7458-4852-9ff0-023566e1c4a5.txt

