project_num: 0
Processing: Project_10040
Already transferred Project_10040 to /gpfs/mrc0/projects/Research_Project-MRC148213/sl693/Targeted/rawdata/Project_10040
project_num: 1
Processing: Project_10175
Transfer ftp://Project_10175:nFreXBFceJtl@ftp1.sequencing.exeter.ac.uk/ to /gpfs/mrc0/projects/Research_Project-MRC148213/sl693/Targeted/rawdata/Project_10175
Extract Project_10175 sucessful
Log file of Project_10175_transfer_log
--2020-10-26 14:16:26--  ftp://Project_10175:*password*@ftp1.sequencing.exeter.ac.uk/
           => 'ftp1.sequencing.exeter.ac.uk/.listing'
Resolving ftp1.sequencing.exeter.ac.uk (ftp1.sequencing.exeter.ac.uk)... 144.173.143.129
Connecting to ftp1.sequencing.exeter.ac.uk (ftp1.sequencing.exeter.ac.uk)|144.173.143.129|:21... connected.
Logging in as Project_10175 ... Logged in!
==> SYST ... done.    ==> PWD ... done.
==> TYPE I ... done.  ==> CWD not needed.
==> PASV ... done.    ==> LIST ... done.

     0K                                                        41.5M=0s

     0K .......... .......... .......... .......... .......... 43% 5.64M 0s
    50K .......... .......... .......... .......... .......... 86% 59.2M 0s
   100K .......... ......                                     100%  123M=0.01s

2020-10-26 15:07:41 (11.8 MB/s) - 'ftp1.sequencing.exeter.ac.uk/Batch3/r54082_20200807_141054/3_C06/tmp-file-9093ec9d-0361-4de4-8454-1ad9addf289e.txt' saved [119020]

FINISHED --2020-10-26 15:07:41--
Total wall clock time: 51m 15s
Downloaded: 51 files, 310G in 51m 15s (103 MB/s)
project_num: 2
Processing: 
Already transferred  to /gpfs/mrc0/projects/Research_Project-MRC148213/sl693/Targeted/rawdata/
